2025-07-19T13:21:04: (node:24375) [MONGOOSE] Warning: Duplicate schema index on {"id":1} found. This is often due to declaring an index using both "index: true" and "schema.index()". Please remove the duplicate index definition.
2025-07-19T13:21:04: (Use `node --trace-warnings ...` to show where the warning was created)
2025-07-19T13:21:04: Error: listen EADDRINUSE: address already in use :::5000
2025-07-19T13:21:04:     at Server.setupListenHandle [as _listen2] (node:net:1940:16)
2025-07-19T13:21:04:     at listenInCluster (node:net:1997:12)
2025-07-19T13:21:04:     at Server.listen (node:net:2102:7)
2025-07-19T13:21:04:     at app.listen (/Users/hammamsawalma/Desktop/BackTest_VolumeIndicator/backend/node_modules/express/lib/application.js:635:24)
2025-07-19T13:21:04:     at Object.<anonymous> (/Users/hammamsawalma/Desktop/BackTest_VolumeIndicator/backend/src/server.ts:37:5)
2025-07-19T13:21:04:     at Module._compile (node:internal/modules/cjs/loader:1692:14)
2025-07-19T13:21:04:     at Module.m._compile (/Users/hammamsawalma/Desktop/BackTest_VolumeIndicator/backend/node_modules/ts-node/src/index.ts:1618:23)
2025-07-19T13:21:04:     at node:internal/modules/cjs/loader:1824:10
2025-07-19T13:21:04:     at Object.require.extensions.<computed> [as .ts] (/Users/hammamsawalma/Desktop/BackTest_VolumeIndicator/backend/node_modules/ts-node/src/index.ts:1621:12)
2025-07-19T13:21:04:     at Module.load (node:internal/modules/cjs/loader:1427:32) {
2025-07-19T13:21:04:   code: 'EADDRINUSE',
2025-07-19T13:21:04:   errno: -48,
2025-07-19T13:21:04:   syscall: 'listen',
2025-07-19T13:21:04:   address: '::',
2025-07-19T13:21:04:   port: 5000
2025-07-19T13:21:04: }
2025-07-19T13:25:41: (node:27076) [MONGOOSE] Warning: Duplicate schema index on {"id":1} found. This is often due to declaring an index using both "index: true" and "schema.index()". Please remove the duplicate index definition.
2025-07-19T13:25:41: (Use `node --trace-warnings ...` to show where the warning was created)
2025-07-19T13:25:41: Error: listen EADDRINUSE: address already in use :::5000
2025-07-19T13:25:41:     at Server.setupListenHandle [as _listen2] (node:net:1940:16)
2025-07-19T13:25:41:     at listenInCluster (node:net:1997:12)
2025-07-19T13:25:41:     at Server.listen (node:net:2102:7)
2025-07-19T13:25:41:     at app.listen (/Users/hammamsawalma/Desktop/BackTest_VolumeIndicator/backend/node_modules/express/lib/application.js:635:24)
2025-07-19T13:25:41:     at Object.<anonymous> (/Users/hammamsawalma/Desktop/BackTest_VolumeIndicator/backend/src/server.ts:46:5)
2025-07-19T13:25:41:     at Module._compile (node:internal/modules/cjs/loader:1692:14)
2025-07-19T13:25:41:     at Module.m._compile (/Users/hammamsawalma/Desktop/BackTest_VolumeIndicator/backend/node_modules/ts-node/src/index.ts:1618:23)
2025-07-19T13:25:41:     at node:internal/modules/cjs/loader:1824:10
2025-07-19T13:25:41:     at Object.require.extensions.<computed> [as .ts] (/Users/hammamsawalma/Desktop/BackTest_VolumeIndicator/backend/node_modules/ts-node/src/index.ts:1621:12)
2025-07-19T13:25:41:     at Module.load (node:internal/modules/cjs/loader:1427:32) {
2025-07-19T13:25:41:   code: 'EADDRINUSE',
2025-07-19T13:25:41:   errno: -48,
2025-07-19T13:25:41:   syscall: 'listen',
2025-07-19T13:25:41:   address: '::',
2025-07-19T13:25:41:   port: 5000
2025-07-19T13:25:41: }
2025-07-19T13:25:50: (node:27104) [MONGOOSE] Warning: Duplicate schema index on {"id":1} found. This is often due to declaring an index using both "index: true" and "schema.index()". Please remove the duplicate index definition.
2025-07-19T13:25:50: (Use `node --trace-warnings ...` to show where the warning was created)
2025-07-19T13:25:50: Error: listen EADDRINUSE: address already in use :::5000
2025-07-19T13:25:50:     at Server.setupListenHandle [as _listen2] (node:net:1940:16)
2025-07-19T13:25:50:     at listenInCluster (node:net:1997:12)
2025-07-19T13:25:50:     at Server.listen (node:net:2102:7)
2025-07-19T13:25:50:     at app.listen (/Users/hammamsawalma/Desktop/BackTest_VolumeIndicator/backend/node_modules/express/lib/application.js:635:24)
2025-07-19T13:25:50:     at Object.<anonymous> (/Users/hammamsawalma/Desktop/BackTest_VolumeIndicator/backend/src/server.ts:42:5)
2025-07-19T13:25:50:     at Module._compile (node:internal/modules/cjs/loader:1692:14)
2025-07-19T13:25:50:     at Module.m._compile (/Users/hammamsawalma/Desktop/BackTest_VolumeIndicator/backend/node_modules/ts-node/src/index.ts:1618:23)
2025-07-19T13:25:50:     at node:internal/modules/cjs/loader:1824:10
2025-07-19T13:25:50:     at Object.require.extensions.<computed> [as .ts] (/Users/hammamsawalma/Desktop/BackTest_VolumeIndicator/backend/node_modules/ts-node/src/index.ts:1621:12)
2025-07-19T13:25:50:     at Module.load (node:internal/modules/cjs/loader:1427:32) {
2025-07-19T13:25:50:   code: 'EADDRINUSE',
2025-07-19T13:25:50:   errno: -48,
2025-07-19T13:25:50:   syscall: 'listen',
2025-07-19T13:25:50:   address: '::',
2025-07-19T13:25:50:   port: 5000
2025-07-19T13:25:50: }
2025-07-19T13:30:06: (node:28222) [MONGOOSE] Warning: Duplicate schema index on {"id":1} found. This is often due to declaring an index using both "index: true" and "schema.index()". Please remove the duplicate index definition.
2025-07-19T13:30:06: (Use `node --trace-warnings ...` to show where the warning was created)
2025-07-19T13:30:06: Error: listen EADDRINUSE: address already in use :::5000
2025-07-19T13:30:06:     at Server.setupListenHandle [as _listen2] (node:net:1940:16)
2025-07-19T13:30:06:     at listenInCluster (node:net:1997:12)
2025-07-19T13:30:06:     at Server.listen (node:net:2102:7)
2025-07-19T13:30:06:     at app.listen (/Users/hammamsawalma/Desktop/BackTest_VolumeIndicator/backend/node_modules/express/lib/application.js:635:24)
2025-07-19T13:30:06:     at Object.<anonymous> (/Users/hammamsawalma/Desktop/BackTest_VolumeIndicator/backend/src/server.ts:42:5)
2025-07-19T13:30:06:     at Module._compile (node:internal/modules/cjs/loader:1692:14)
2025-07-19T13:30:06:     at Module.m._compile (/Users/hammamsawalma/Desktop/BackTest_VolumeIndicator/backend/node_modules/ts-node/src/index.ts:1618:23)
2025-07-19T13:30:06:     at node:internal/modules/cjs/loader:1824:10
2025-07-19T13:30:06:     at Object.require.extensions.<computed> [as .ts] (/Users/hammamsawalma/Desktop/BackTest_VolumeIndicator/backend/node_modules/ts-node/src/index.ts:1621:12)
2025-07-19T13:30:06:     at Module.load (node:internal/modules/cjs/loader:1427:32) {
2025-07-19T13:30:06:   code: 'EADDRINUSE',
2025-07-19T13:30:06:   errno: -48,
2025-07-19T13:30:06:   syscall: 'listen',
2025-07-19T13:30:06:   address: '::',
2025-07-19T13:30:06:   port: 5000
2025-07-19T13:30:06: }
2025-07-19T13:32:57: (node:29002) [MONGOOSE] Warning: Duplicate schema index on {"id":1} found. This is often due to declaring an index using both "index: true" and "schema.index()". Please remove the duplicate index definition.
2025-07-19T13:32:57: (Use `node --trace-warnings ...` to show where the warning was created)
2025-07-19T13:41:42: (node:30652) [MONGOOSE] Warning: Duplicate schema index on {"id":1} found. This is often due to declaring an index using both "index: true" and "schema.index()". Please remove the duplicate index definition.
2025-07-19T13:41:42: (Use `node --trace-warnings ...` to show where the warning was created)
2025-07-19T13:51:33: (node:32192) [MONGOOSE] Warning: Duplicate schema index on {"id":1} found. This is often due to declaring an index using both "index: true" and "schema.index()". Please remove the duplicate index definition.
2025-07-19T13:51:33: (Use `node --trace-warnings ...` to show where the warning was created)
2025-07-19T14:01:41: (node:33765) [MONGOOSE] Warning: Duplicate schema index on {"id":1} found. This is often due to declaring an index using both "index: true" and "schema.index()". Please remove the duplicate index definition.
2025-07-19T14:01:41: (Use `node --trace-warnings ...` to show where the warning was created)
2025-07-19T14:16:05: (node:35304) [MONGOOSE] Warning: Duplicate schema index on {"id":1} found. This is often due to declaring an index using both "index: true" and "schema.index()". Please remove the duplicate index definition.
2025-07-19T14:16:05: (Use `node --trace-warnings ...` to show where the warning was created)
2025-07-19T14:22:29: (node:36462) [MONGOOSE] Warning: Duplicate schema index on {"id":1} found. This is often due to declaring an index using both "index: true" and "schema.index()". Please remove the duplicate index definition.
2025-07-19T14:22:29: (Use `node --trace-warnings ...` to show where the warning was created)
2025-07-19T14:27:03: (node:37472) [MONGOOSE] Warning: Duplicate schema index on {"id":1} found. This is often due to declaring an index using both "index: true" and "schema.index()". Please remove the duplicate index definition.
2025-07-19T14:27:03: (Use `node --trace-warnings ...` to show where the warning was created)
2025-07-19T14:57:12: (node:43075) [MONGOOSE] Warning: Duplicate schema index on {"id":1} found. This is often due to declaring an index using both "index: true" and "schema.index()". Please remove the duplicate index definition.
2025-07-19T14:57:12: (Use `node --trace-warnings ...` to show where the warning was created)
2025-07-19T15:00:42: (node:44076) [MONGOOSE] Warning: Duplicate schema index on {"id":1} found. This is often due to declaring an index using both "index: true" and "schema.index()". Please remove the duplicate index definition.
2025-07-19T15:00:42: (Use `node --trace-warnings ...` to show where the warning was created)
2025-07-19T15:10:05: (node:45649) [MONGOOSE] Warning: Duplicate schema index on {"id":1} found. This is often due to declaring an index using both "index: true" and "schema.index()". Please remove the duplicate index definition.
2025-07-19T15:10:05: (Use `node --trace-warnings ...` to show where the warning was created)
2025-07-19T15:10:40: (node:45764) [MONGOOSE] Warning: Duplicate schema index on {"id":1} found. This is often due to declaring an index using both "index: true" and "schema.index()". Please remove the duplicate index definition.
2025-07-19T15:10:40: (Use `node --trace-warnings ...` to show where the warning was created)
2025-07-19T15:10:59: (node:45885) [MONGOOSE] Warning: Duplicate schema index on {"id":1} found. This is often due to declaring an index using both "index: true" and "schema.index()". Please remove the duplicate index definition.
2025-07-19T15:10:59: (Use `node --trace-warnings ...` to show where the warning was created)
2025-07-19T15:14:50: (node:46882) [MONGOOSE] Warning: Duplicate schema index on {"id":1} found. This is often due to declaring an index using both "index: true" and "schema.index()". Please remove the duplicate index definition.
2025-07-19T15:14:50: (Use `node --trace-warnings ...` to show where the warning was created)
